Kaylee Anderson Pass
Hunter Martin Pass
Logan Harris Pass
Aaliyah Smith Pass
Scarlett Walker Pass
Natalie Scott Pass
Abigail Ryan Pass
Aubrey Jones Pass
Matthew Stewart Pass
Gavin Williamson Pass
Benjamin Campbell Pass
Gabriella King Pass
Aaron Robinson Pass
James Reid Pass
Aria Key Pass
Nevaeh Peters Pass
Charles Wright Pass
Oliver Thompson Pass
Christian Clarke Pass
Amelia Clark Pass
Alyssa Williams Pass
Eli Johnson Pass
Grace Bishop Pass
Elizabeth Wilson Pass
Joseph Lee Pass
Cameron Taylor Pass
Adrian Kelly Pass
Jack Thomas Pass
Joshua White Pass
Jonathan Brown Pass
