Ethan Ryan Fail
Serenity Walker Fail
Eli Williams Fail
Wyatt Peters Fail
Aaliyah Thomas Fail
Owen Kelly Fail
Anthony Smith Fail
Madison Bishop Fail
Amelia King Fail
Mason Robinson Fail
Isabella Clark Fail
Sebastian Campbell Fail
Andrew Johnson Fail
Aria Scott Fail
Sofia Wilson Fail
Alexa Brown Fail
Isaiah Jones Fail
Cameron White Fail
Anna Martin Fail
Harper Clarke Fail
Sarah Taylor Fail
Natalie Thompson Fail
Camila Williamson Fail
Oliver Wright Fail
Jaxon Lee Fail
Henry Stewart Fail
Avery Key Fail
Addison Anderson Fail
Lucas Harris Fail
Jayden Reid Fail
